<?xml version="1.0" encoding="UTF-8" ?>
<testsuite tests="1" failures="0" name="com.kwetter.service.UserServiceTest" time="1.654" errors="1" skipped="0">
  <properties>
    <property name="idea.version" value="2018.1.5"/>
    <property name="java.runtime.name" value="Java(TM) SE Runtime Environment"/>
    <property name="sun.boot.library.path" value="C:\Program Files\Java\jdk1.8.0_144\jre\bin"/>
    <property name="java.vm.version" value="25.144-b01"/>
    <property name="java.vm.vendor" value="Oracle Corporation"/>
    <property name="maven.multiModuleProjectDirectory" value="D:\User\Desktop\School shit\Fontys\Semester 6\Kwetteren-in-bad"/>
    <property name="java.vendor.url" value="http://java.oracle.com/"/>
    <property name="path.separator" value=";"/>
    <property name="guice.disable.misplaced.annotation.check" value="true"/>
    <property name="java.vm.name" value="Java HotSpot(TM) 64-Bit Server VM"/>
    <property name="file.encoding.pkg" value="sun.io"/>
    <property name="user.script" value=""/>
    <property name="user.country" value="US"/>
    <property name="sun.java.launcher" value="SUN_STANDARD"/>
    <property name="sun.os.patch.level" value=""/>
    <property name="java.vm.specification.name" value="Java Virtual Machine Specification"/>
    <property name="user.dir" value="D:\User\Desktop\School shit\Fontys\Semester 6\Kwetteren-in-bad"/>
    <property name="java.runtime.version" value="1.8.0_144-b01"/>
    <property name="java.awt.graphicsenv" value="sun.awt.Win32GraphicsEnvironment"/>
    <property name="java.endorsed.dirs" value="C:\Program Files\Java\jdk1.8.0_144\jre\lib\endorsed"/>
    <property name="os.arch" value="amd64"/>
    <property name="java.io.tmpdir" value="C:\Users\Liwei\AppData\Local\Temp\"/>
    <property name="line.separator" value="
"/>
    <property name="java.vm.specification.vendor" value="Oracle Corporation"/>
    <property name="user.variant" value=""/>
    <property name="os.name" value="Windows 10"/>
    <property name="classworlds.conf" value="D:\JetBrains\apps\IDEA-U\ch-0\181.5281.24\plugins\maven\lib\maven3\bin\m2.conf"/>
    <property name="sun.jnu.encoding" value="Cp1252"/>
    <property name="java.library.path" value="C:\Program Files\Java\jdk1.8.0_144\bin;C:\WINDOWS\Sun\Java\bin;C:\WINDOWS\system32;C:\WINDOWS;C:\Program Files (x86)\Common Files\Oracle\Java\javapath;C:\Program Files (x86)\Common Files\Intel\Shared Libraries\redist\intel64\compiler;C:\ProgramData\Oracle\Java\javapath;C:\Program Files (x86)\Intel\iCLS Client\;C:\Program Files\Intel\iCLS Client\;C:\Windows\system32;C:\Windows;C:\Windows\System32\Wbem;C:\Windows\System32\WindowsPowerShell\v1.0\;C:\Program Files (x86)\Intel\Intel(R) Management Engine Components\DAL;C:\Program Files\Intel\Intel(R) Management Engine Components\DAL;C:\Program Files (x86)\Intel\Intel(R) Management Engine Components\IPT;C:\Program Files\Intel\Intel(R) Management Engine Components\IPT;C:\WINDOWS\system32;C:\WINDOWS;C:\WINDOWS\System32\Wbem;C:\WINDOWS\System32\WindowsPowerShell\v1.0\;C:\Program Files (x86)\GtkSharp\2.12\bin;C:\Program Files\Microsoft SQL Server\120\Tools\Binn\;C:\Program Files\dotnet\;D:\Git\cmd;C:\WINDOWS\system32;C:\WINDOWS;C:\WINDOWS\System32\Wbem;C:\WINDOWS\System32\WindowsPowerShell\v1.0\;D:\QuickTime\QTSystem\;D:\Postgress\BigSQL\pg10\bin;D:\Graphviz\bin;D:\Python;D:\Python\Scripts;C:\WINDOWS\System32\OpenSSH\;C:\Program Files\Microsoft VS Code\bin;C:\Program Files (x86)\NVIDIA Corporation\PhysX\Common;C:\Program Files\NVIDIA Corporation\NVIDIA NvDLISR;D:\Putty\;C:\Program Files\nodejs\;D:\Go\bin;D:\Python\Scripts\;D:\Python\;C:\Users\Liwei\AppData\Local\Microsoft\WindowsApps;D:\Heroku CLI\Heroku\bin;D:\Microsoft VS Code\bin;C:\Program Files\Microsoft VS Code\bin;C:\Users\Liwei\AppData\Local\Microsoft\WindowsApps;D:\Docker Toolbox;C:\Users\Liwei\AppData\Roaming\npm;D:\MiKTeX\miktex\bin\x64\;C:\Users\Liwei\go\bin;."/>
    <property name="java.specification.name" value="Java Platform API Specification"/>
    <property name="java.class.version" value="52.0"/>
    <property name="sun.management.compiler" value="HotSpot 64-Bit Tiered Compilers"/>
    <property name="os.version" value="10.0"/>
    <property name="user.home" value="C:\Users\Liwei"/>
    <property name="user.timezone" value="Europe/Berlin"/>
    <property name="java.awt.printerjob" value="sun.awt.windows.WPrinterJob"/>
    <property name="java.specification.version" value="1.8"/>
    <property name="file.encoding" value="UTF-8"/>
    <property name="user.name" value="Liwei"/>
    <property name="java.class.path" value="D:\JetBrains\apps\IDEA-U\ch-0\181.5281.24\plugins\maven\lib\maven3\boot\plexus-classworlds-2.5.2.jar;D:\JetBrains\apps\IDEA-U\ch-0\181.5281.24\lib\idea_rt.jar"/>
    <property name="java.vm.specification.version" value="1.8"/>
    <property name="sun.arch.data.model" value="64"/>
    <property name="java.home" value="C:\Program Files\Java\jdk1.8.0_144\jre"/>
    <property name="sun.java.command" value="org.codehaus.classworlds.Launcher -Didea.version=2018.1.5 clean test -Parq-jbossas-managed"/>
    <property name="java.specification.vendor" value="Oracle Corporation"/>
    <property name="user.language" value="en"/>
    <property name="awt.toolkit" value="sun.awt.windows.WToolkit"/>
    <property name="java.vm.info" value="mixed mode"/>
    <property name="java.version" value="1.8.0_144"/>
    <property name="java.ext.dirs" value="C:\Program Files\Java\jdk1.8.0_144\jre\lib\ext;C:\WINDOWS\Sun\Java\lib\ext"/>
    <property name="sun.boot.class.path" value="C:\Program Files\Java\jdk1.8.0_144\jre\lib\resources.jar;C:\Program Files\Java\jdk1.8.0_144\jre\lib\rt.jar;C:\Program Files\Java\jdk1.8.0_144\jre\lib\sunrsasign.jar;C:\Program Files\Java\jdk1.8.0_144\jre\lib\jsse.jar;C:\Program Files\Java\jdk1.8.0_144\jre\lib\jce.jar;C:\Program Files\Java\jdk1.8.0_144\jre\lib\charsets.jar;C:\Program Files\Java\jdk1.8.0_144\jre\lib\jfr.jar;C:\Program Files\Java\jdk1.8.0_144\jre\classes"/>
    <property name="java.vendor" value="Oracle Corporation"/>
    <property name="maven.home" value="D:\JetBrains\apps\IDEA-U\ch-0\181.5281.24\plugins\maven\lib\maven3"/>
    <property name="file.separator" value="\"/>
    <property name="java.vendor.url.bug" value="http://bugreport.sun.com/bugreport/"/>
    <property name="sun.cpu.endian" value="little"/>
    <property name="sun.io.unicode.encoding" value="UnicodeLittle"/>
    <property name="sun.desktop" value="windows"/>
    <property name="sun.cpu.isalist" value="amd64"/>
  </properties>
  <testcase classname="com.kwetter.service.UserServiceTest" name="com.kwetter.service.UserServiceTest" time="1.654">
    <error message="Cannot deploy test.war: {&quot;WFLYCTL0062: Composite operation failed and was rolled back. Steps that failed:&quot; =&gt; {&quot;Operation step-1&quot; =&gt; {&quot;WFLYCTL0080: Failed services&quot; =&gt; {&quot;jboss.deployment.unit.\&quot;test.war\&quot;.WeldStartService&quot; =&gt; &quot;Failed to start service
    Caused by: org.jboss.weld.resources.spi.ResourceLoadingException: Exception while loading class com.kwetter.service.UserService
    Caused by: java.lang.TypeNotPresentException: Type com.kwetter.domain.Role not present
    Caused by: java.lang.ClassNotFoundException: com.kwetter.domain.Role from [Module \&quot;deployment.test.war\&quot; from Service Module Loader]&quot;}}}}" type="org.jboss.arquillian.container.spi.client.container.DeploymentException">org.jboss.arquillian.container.spi.client.container.DeploymentException: Cannot deploy test.war: {&quot;WFLYCTL0062: Composite operation failed and was rolled back. Steps that failed:&quot; =&gt; {&quot;Operation step-1&quot; =&gt; {&quot;WFLYCTL0080: Failed services&quot; =&gt; {&quot;jboss.deployment.unit.\&quot;test.war\&quot;.WeldStartService&quot; =&gt; &quot;Failed to start service
    Caused by: org.jboss.weld.resources.spi.ResourceLoadingException: Exception while loading class com.kwetter.service.UserService
    Caused by: java.lang.TypeNotPresentException: Type com.kwetter.domain.Role not present
    Caused by: java.lang.ClassNotFoundException: com.kwetter.domain.Role from [Module \&quot;deployment.test.war\&quot; from Service Module Loader]&quot;}}}}
	at org.jboss.as.arquillian.container.ArchiveDeployer.deployInternal(ArchiveDeployer.java:184)
	at org.jboss.as.arquillian.container.ArchiveDeployer.deployInternal(ArchiveDeployer.java:162)
	at org.jboss.as.arquillian.container.ArchiveDeployer.deploy(ArchiveDeployer.java:91)
	at org.jboss.as.arquillian.container.CommonDeployableContainer.deploy(CommonDeployableContainer.java:244)
	at org.jboss.arquillian.container.impl.client.container.ContainerDeployController$3.call(ContainerDeployController.java:161)
	at org.jboss.arquillian.container.impl.client.container.ContainerDeployController$3.call(ContainerDeployController.java:128)
	at org.jboss.arquillian.container.impl.client.container.ContainerDeployController.executeOperation(ContainerDeployController.java:271)
	at org.jboss.arquillian.container.impl.client.container.ContainerDeployController.deploy(ContainerDeployController.java:127)
	at sun.reflect.NativeMethodAccessorImpl.invoke0(Native Method)
	at sun.reflect.NativeMethodAccessorImpl.invoke(NativeMethodAccessorImpl.java:62)
	at sun.reflect.DelegatingMethodAccessorImpl.invoke(DelegatingMethodAccessorImpl.java:43)
	at java.lang.reflect.Method.invoke(Method.java:498)
	at org.jboss.arquillian.core.impl.ObserverImpl.invoke(ObserverImpl.java:94)
	at org.jboss.arquillian.core.impl.EventContextImpl.invokeObservers(EventContextImpl.java:99)
	at org.jboss.arquillian.core.impl.EventContextImpl.proceed(EventContextImpl.java:81)
	at org.jboss.arquillian.container.impl.client.container.DeploymentExceptionHandler.verifyExpectedExceptionDuringDeploy(DeploymentExceptionHandler.java:50)
	at sun.reflect.NativeMethodAccessorImpl.invoke0(Native Method)
	at sun.reflect.NativeMethodAccessorImpl.invoke(NativeMethodAccessorImpl.java:62)
	at sun.reflect.DelegatingMethodAccessorImpl.invoke(DelegatingMethodAccessorImpl.java:43)
	at java.lang.reflect.Method.invoke(Method.java:498)
	at org.jboss.arquillian.core.impl.ObserverImpl.invoke(ObserverImpl.java:94)
	at org.jboss.arquillian.core.impl.EventContextImpl.proceed(EventContextImpl.java:88)
	at org.jboss.arquillian.container.impl.client.ContainerDeploymentContextHandler.createDeploymentContext(ContainerDeploymentContextHandler.java:78)
	at sun.reflect.NativeMethodAccessorImpl.invoke0(Native Method)
	at sun.reflect.NativeMethodAccessorImpl.invoke(NativeMethodAccessorImpl.java:62)
	at sun.reflect.DelegatingMethodAccessorImpl.invoke(DelegatingMethodAccessorImpl.java:43)
	at java.lang.reflect.Method.invoke(Method.java:498)
	at org.jboss.arquillian.core.impl.ObserverImpl.invoke(ObserverImpl.java:94)
	at org.jboss.arquillian.core.impl.EventContextImpl.proceed(EventContextImpl.java:88)
	at org.jboss.arquillian.container.impl.client.ContainerDeploymentContextHandler.createContainerContext(ContainerDeploymentContextHandler.java:57)
	at sun.reflect.NativeMethodAccessorImpl.invoke0(Native Method)
	at sun.reflect.NativeMethodAccessorImpl.invoke(NativeMethodAccessorImpl.java:62)
	at sun.reflect.DelegatingMethodAccessorImpl.invoke(DelegatingMethodAccessorImpl.java:43)
	at java.lang.reflect.Method.invoke(Method.java:498)
	at org.jboss.arquillian.core.impl.ObserverImpl.invoke(ObserverImpl.java:94)
	at org.jboss.arquillian.core.impl.EventContextImpl.proceed(EventContextImpl.java:88)
	at org.jboss.arquillian.core.impl.ManagerImpl.fire(ManagerImpl.java:135)
	at org.jboss.arquillian.core.impl.ManagerImpl.fire(ManagerImpl.java:115)
	at org.jboss.arquillian.core.impl.EventImpl.fire(EventImpl.java:67)
	at org.jboss.arquillian.container.impl.client.container.ContainerDeployController$1.perform(ContainerDeployController.java:95)
	at org.jboss.arquillian.container.impl.client.container.ContainerDeployController$1.perform(ContainerDeployController.java:80)
	at org.jboss.arquillian.container.impl.client.container.ContainerDeployController.forEachDeployment(ContainerDeployController.java:263)
	at org.jboss.arquillian.container.impl.client.container.ContainerDeployController.forEachManagedDeployment(ContainerDeployController.java:239)
	at org.jboss.arquillian.container.impl.client.container.ContainerDeployController.deployManaged(ContainerDeployController.java:79)
	at sun.reflect.NativeMethodAccessorImpl.invoke0(Native Method)
	at sun.reflect.NativeMethodAccessorImpl.invoke(NativeMethodAccessorImpl.java:62)
	at sun.reflect.DelegatingMethodAccessorImpl.invoke(DelegatingMethodAccessorImpl.java:43)
	at java.lang.reflect.Method.invoke(Method.java:498)
	at org.jboss.arquillian.core.impl.ObserverImpl.invoke(ObserverImpl.java:94)
	at org.jboss.arquillian.core.impl.EventContextImpl.invokeObservers(EventContextImpl.java:99)
	at org.jboss.arquillian.core.impl.EventContextImpl.proceed(EventContextImpl.java:81)
	at org.jboss.arquillian.core.impl.ManagerImpl.fire(ManagerImpl.java:135)
	at org.jboss.arquillian.core.impl.ManagerImpl.fire(ManagerImpl.java:115)
	at org.jboss.arquillian.core.impl.EventImpl.fire(EventImpl.java:67)
	at org.jboss.arquillian.container.test.impl.client.ContainerEventController.execute(ContainerEventController.java:101)
	at sun.reflect.NativeMethodAccessorImpl.invoke0(Native Method)
	at sun.reflect.NativeMethodAccessorImpl.invoke(NativeMethodAccessorImpl.java:62)
	at sun.reflect.DelegatingMethodAccessorImpl.invoke(DelegatingMethodAccessorImpl.java:43)
	at java.lang.reflect.Method.invoke(Method.java:498)
	at org.jboss.arquillian.core.impl.ObserverImpl.invoke(ObserverImpl.java:94)
	at org.jboss.arquillian.core.impl.EventContextImpl.invokeObservers(EventContextImpl.java:99)
	at org.jboss.arquillian.core.impl.EventContextImpl.proceed(EventContextImpl.java:81)
	at org.jboss.arquillian.test.impl.TestContextHandler.createSuiteContext(TestContextHandler.java:65)
	at sun.reflect.NativeMethodAccessorImpl.invoke0(Native Method)
	at sun.reflect.NativeMethodAccessorImpl.invoke(NativeMethodAccessorImpl.java:62)
	at sun.reflect.DelegatingMethodAccessorImpl.invoke(DelegatingMethodAccessorImpl.java:43)
	at java.lang.reflect.Method.invoke(Method.java:498)
	at org.jboss.arquillian.core.impl.ObserverImpl.invoke(ObserverImpl.java:94)
	at org.jboss.arquillian.core.impl.EventContextImpl.proceed(EventContextImpl.java:88)
	at org.jboss.arquillian.test.impl.TestContextHandler.createClassContext(TestContextHandler.java:84)
	at sun.reflect.NativeMethodAccessorImpl.invoke0(Native Method)
	at sun.reflect.NativeMethodAccessorImpl.invoke(NativeMethodAccessorImpl.java:62)
	at sun.reflect.DelegatingMethodAccessorImpl.invoke(DelegatingMethodAccessorImpl.java:43)
	at java.lang.reflect.Method.invoke(Method.java:498)
	at org.jboss.arquillian.core.impl.ObserverImpl.invoke(ObserverImpl.java:94)
	at org.jboss.arquillian.core.impl.EventContextImpl.proceed(EventContextImpl.java:88)
	at org.jboss.arquillian.core.impl.ManagerImpl.fire(ManagerImpl.java:135)
	at org.jboss.arquillian.core.impl.ManagerImpl.fire(ManagerImpl.java:115)
	at org.jboss.arquillian.test.impl.EventTestRunnerAdaptor.beforeClass(EventTestRunnerAdaptor.java:80)
	at org.jboss.arquillian.junit.Arquillian$2.evaluate(Arquillian.java:182)
	at org.jboss.arquillian.junit.Arquillian.multiExecute(Arquillian.java:314)
	at org.jboss.arquillian.junit.Arquillian.access$100(Arquillian.java:46)
	at org.jboss.arquillian.junit.Arquillian$3.evaluate(Arquillian.java:199)
	at org.junit.runners.ParentRunner.run(ParentRunner.java:363)
	at org.jboss.arquillian.junit.Arquillian.run(Arquillian.java:147)
	at org.apache.maven.surefire.junit4.JUnit4Provider.execute(JUnit4Provider.java:252)
	at org.apache.maven.surefire.junit4.JUnit4Provider.executeTestSet(JUnit4Provider.java:141)
	at org.apache.maven.surefire.junit4.JUnit4Provider.invoke(JUnit4Provider.java:112)
	at sun.reflect.NativeMethodAccessorImpl.invoke0(Native Method)
	at sun.reflect.NativeMethodAccessorImpl.invoke(NativeMethodAccessorImpl.java:62)
	at sun.reflect.DelegatingMethodAccessorImpl.invoke(DelegatingMethodAccessorImpl.java:43)
	at java.lang.reflect.Method.invoke(Method.java:498)
	at org.apache.maven.surefire.util.ReflectionUtils.invokeMethodWithArray(ReflectionUtils.java:189)
	at org.apache.maven.surefire.booter.ProviderFactory$ProviderProxy.invoke(ProviderFactory.java:165)
	at org.apache.maven.surefire.booter.ProviderFactory.invokeProvider(ProviderFactory.java:85)
	at org.apache.maven.surefire.booter.ForkedBooter.runSuitesInProcess(ForkedBooter.java:115)
	at org.apache.maven.surefire.booter.ForkedBooter.main(ForkedBooter.java:75)
</error>
    <system-out>21:23:13,942 INFO  [org.jboss.as.repository] (management-handler-thread - 1) WFLYDR0001: Content added at location D:\WildFly\standalone\data\content\13\997dbfad9bc59cb2b4fd1e840f831e0133e3a4\content
21:23:13,946 INFO  [org.jboss.as.server.deployment] (MSC service thread 1-5) WFLYSRV0027: Starting deployment of &quot;test.war&quot; (runtime-name: &quot;test.war&quot;)
21:23:14,793 INFO  [org.jboss.weld.deployer] (MSC service thread 1-4) WFLYWELD0003: Processing weld deployment test.war
21:23:14,840 INFO  [org.jboss.as.ejb3.deployment] (MSC service thread 1-4) WFLYEJB0473: JNDI bindings for session bean named &apos;UserDAOMEMImpl&apos; in deployment unit &apos;deployment &quot;test.war&quot;&apos; are as follows:

	java:global/test/UserDAOMEMImpl!com.kwetter.dao.interfaces.UserDAO
	java:app/test/UserDAOMEMImpl!com.kwetter.dao.interfaces.UserDAO
	java:module/UserDAOMEMImpl!com.kwetter.dao.interfaces.UserDAO
	ejb:test/UserDAOMEMImpl!com.kwetter.dao.interfaces.UserDAO
	java:global/test/UserDAOMEMImpl
	java:app/test/UserDAOMEMImpl
	java:module/UserDAOMEMImpl

21:23:14,840 INFO  [org.jboss.as.ejb3.deployment] (MSC service thread 1-4) WFLYEJB0473: JNDI bindings for session bean named &apos;UserService&apos; in deployment unit &apos;deployment &quot;test.war&quot;&apos; are as follows:

	java:global/test/UserService!com.kwetter.service.UserService
	java:app/test/UserService!com.kwetter.service.UserService
	java:module/UserService!com.kwetter.service.UserService
	ejb:test/UserService!com.kwetter.service.UserService
	java:global/test/UserService
	java:app/test/UserService
	java:module/UserService

21:23:15,012 INFO  [io.smallrye.metrics] (MSC service thread 1-5) MicroProfile: Metrics activated
21:23:15,028 INFO  [org.jboss.weld.Bootstrap] (Weld Thread Pool -- 3) WELD-000119: Not generating any bean definitions from com.kwetter.service.UserService because of underlying class loading error: Type com.kwetter.domain.Role from [Module &quot;deployment.test.war&quot; from Service Module Loader] not found.  If this is unexpected, enable DEBUG logging to see the full error.
21:23:15,028 INFO  [org.jboss.weld.Bootstrap] (Weld Thread Pool -- 1) WELD-000119: Not generating any bean definitions from com.kwetter.domain.Kweet because of underlying class loading error: Type com.kwetter.domain.Trend from [Module &quot;deployment.test.war&quot; from Service Module Loader] not found.  If this is unexpected, enable DEBUG logging to see the full error.
21:23:15,028 INFO  [org.jboss.weld.Bootstrap] (Weld Thread Pool -- 3) WELD-000119: Not generating any bean definitions from com.kwetter.domain.User because of underlying class loading error: Type com.kwetter.domain.Role from [Module &quot;deployment.test.war&quot; from Service Module Loader] not found.  If this is unexpected, enable DEBUG logging to see the full error.
21:23:15,028 INFO  [org.jboss.weld.Bootstrap] (Weld Thread Pool -- 2) WELD-000119: Not generating any bean definitions from com.kwetter.dao.database.MemoryDatabase because of underlying class loading error: Type com.kwetter.domain.Trend from [Module &quot;deployment.test.war&quot; from Service Module Loader] not found.  If this is unexpected, enable DEBUG logging to see the full error.
21:23:15,075 ERROR [org.jboss.msc.service.fail] (MSC service thread 1-5) MSC000001: Failed to start service jboss.deployment.unit.&quot;test.war&quot;.WeldStartService: org.jboss.msc.service.StartException in service jboss.deployment.unit.&quot;test.war&quot;.WeldStartService: Failed to start service
	at org.jboss.msc.service.ServiceControllerImpl$StartTask.execute(ServiceControllerImpl.java:1730)
	at org.jboss.msc.service.ServiceControllerImpl$ControllerTask.run(ServiceControllerImpl.java:1558)
	at org.jboss.threads.ContextClassLoaderSavingRunnable.run(ContextClassLoaderSavingRunnable.java:35)
	at org.jboss.threads.EnhancedQueueExecutor.safeRun(EnhancedQueueExecutor.java:1985)
	at org.jboss.threads.EnhancedQueueExecutor$ThreadBody.doRunTask(EnhancedQueueExecutor.java:1487)
	at org.jboss.threads.EnhancedQueueExecutor$ThreadBody.run(EnhancedQueueExecutor.java:1378)
	at java.lang.Thread.run(Thread.java:748)
Caused by: org.jboss.weld.resources.spi.ResourceLoadingException: Exception while loading class com.kwetter.service.UserService
	at org.jboss.weld.resources.ClassTransformer.getBackedAnnotatedType(ClassTransformer.java:181)
	at org.jboss.weld.resources.ClassTransformer.getBackedAnnotatedType(ClassTransformer.java:194)
	at org.jboss.weld.module.ejb.EjbSupportImpl.createSessionBean(EjbSupportImpl.java:139)
	at org.jboss.weld.module.ejb.EjbSupportImpl.createSessionBeans(EjbSupportImpl.java:124)
	at org.jboss.weld.bootstrap.ConcurrentBeanDeployer.createClassBeans(ConcurrentBeanDeployer.java:73)
	at org.jboss.weld.bootstrap.BeanDeployment.createBeans(BeanDeployment.java:256)
	at org.jboss.weld.bootstrap.WeldStartup.deployBeans(WeldStartup.java:432)
	at org.jboss.weld.bootstrap.WeldBootstrap.deployBeans(WeldBootstrap.java:86)
	at org.jboss.as.weld.WeldStartService.start(WeldStartService.java:97)
	at org.jboss.msc.service.ServiceControllerImpl$StartTask.startService(ServiceControllerImpl.java:1738)
	at org.jboss.msc.service.ServiceControllerImpl$StartTask.execute(ServiceControllerImpl.java:1700)
	... 6 more
Caused by: java.lang.TypeNotPresentException: Type com.kwetter.domain.Role not present
	at sun.reflect.generics.factory.CoreReflectionFactory.makeNamedType(CoreReflectionFactory.java:117)
	at sun.reflect.generics.visitor.Reifier.visitClassTypeSignature(Reifier.java:125)
	at sun.reflect.generics.tree.ClassTypeSignature.accept(ClassTypeSignature.java:49)
	at sun.reflect.generics.visitor.Reifier.reifyTypeArguments(Reifier.java:68)
	at sun.reflect.generics.visitor.Reifier.visitClassTypeSignature(Reifier.java:138)
	at sun.reflect.generics.tree.ClassTypeSignature.accept(ClassTypeSignature.java:49)
	at sun.reflect.generics.repository.ConstructorRepository.getParameterTypes(ConstructorRepository.java:94)
	at java.lang.reflect.Executable.getGenericParameterTypes(Executable.java:283)
	at java.lang.reflect.Method.getGenericParameterTypes(Method.java:283)
	at java.lang.reflect.Executable.getAllGenericParameterTypes(Executable.java:302)
	at java.lang.reflect.Parameter.getParameterizedType(Parameter.java:201)
	at org.jboss.weld.annotated.slim.backed.BackedAnnotatedParameter.&lt;init&gt;(BackedAnnotatedParameter.java:52)
	at org.jboss.weld.annotated.slim.backed.BackedAnnotatedParameter.of(BackedAnnotatedParameter.java:44)
	at org.jboss.weld.annotated.slim.backed.BackedAnnotatedParameter.forExecutable(BackedAnnotatedParameter.java:38)
	at org.jboss.weld.annotated.slim.backed.BackedAnnotatedCallable.initParameters(BackedAnnotatedCallable.java:42)
	at org.jboss.weld.annotated.slim.backed.BackedAnnotatedCallable.&lt;init&gt;(BackedAnnotatedCallable.java:38)
	at org.jboss.weld.annotated.slim.backed.BackedAnnotatedMethod.&lt;init&gt;(BackedAnnotatedMethod.java:29)
	at org.jboss.weld.annotated.slim.backed.BackedAnnotatedMethod.of(BackedAnnotatedMethod.java:25)
	at org.jboss.weld.annotated.slim.backed.BackedAnnotatedType$BackedAnnotatedMethods.computeValue(BackedAnnotatedType.java:198)
	at org.jboss.weld.annotated.slim.backed.BackedAnnotatedType$BackedAnnotatedMethods.computeValue(BackedAnnotatedType.java:191)
	at org.jboss.weld.util.LazyValueHolder.get(LazyValueHolder.java:46)
	at org.jboss.weld.annotated.slim.backed.BackedAnnotatedType$EagerlyInitializedLazyValueHolder.&lt;init&gt;(BackedAnnotatedType.java:159)
	at org.jboss.weld.annotated.slim.backed.BackedAnnotatedType$BackedAnnotatedMethods.&lt;init&gt;(BackedAnnotatedType.java:191)
	at org.jboss.weld.annotated.slim.backed.BackedAnnotatedType$BackedAnnotatedMethods.&lt;init&gt;(BackedAnnotatedType.java:191)
	at org.jboss.weld.annotated.slim.backed.BackedAnnotatedType.&lt;init&gt;(BackedAnnotatedType.java:66)
	at org.jboss.weld.annotated.slim.backed.BackedAnnotatedType.of(BackedAnnotatedType.java:47)
	at org.jboss.weld.resources.ClassTransformer$TransformClassToBackedAnnotatedType.apply(ClassTransformer.java:84)
	at org.jboss.weld.resources.ClassTransformer$TransformClassToBackedAnnotatedType.apply(ClassTransformer.java:79)
	at org.jboss.weld.util.cache.ReentrantMapBackedComputingCache.lambda$null$0(ReentrantMapBackedComputingCache.java:55)
	at org.jboss.weld.util.WeakLazyValueHolder$1.computeValue(WeakLazyValueHolder.java:35)
	at org.jboss.weld.util.WeakLazyValueHolder.get(WeakLazyValueHolder.java:53)
	at org.jboss.weld.util.cache.ReentrantMapBackedComputingCache.getValue(ReentrantMapBackedComputingCache.java:72)
	at org.jboss.weld.util.cache.ReentrantMapBackedComputingCache.getCastValue(ReentrantMapBackedComputingCache.java:78)
	at org.jboss.weld.resources.ClassTransformer.getBackedAnnotatedType(ClassTransformer.java:177)
	... 16 more
Caused by: java.lang.ClassNotFoundException: com.kwetter.domain.Role from [Module &quot;deployment.test.war&quot; from Service Module Loader]
	at org.jboss.modules.ModuleClassLoader.findClass(ModuleClassLoader.java:255)
	at org.jboss.modules.ConcurrentClassLoader.performLoadClassUnchecked(ConcurrentClassLoader.java:410)
	at org.jboss.modules.ConcurrentClassLoader.performLoadClass(ConcurrentClassLoader.java:398)
	at org.jboss.modules.ConcurrentClassLoader.loadClass(ConcurrentClassLoader.java:116)
	at java.lang.Class.forName0(Native Method)
	at java.lang.Class.forName(Class.java:348)
	at sun.reflect.generics.factory.CoreReflectionFactory.makeNamedType(CoreReflectionFactory.java:114)
	... 49 more

21:23:15,075 ERROR [org.jboss.as.controller.management-operation] (management-handler-thread - 1) WFLYCTL0013: Operation (&quot;add&quot;) failed - address: ([(&quot;deployment&quot; =&gt; &quot;test.war&quot;)]) - failure description: {&quot;WFLYCTL0080: Failed services&quot; =&gt; {&quot;jboss.deployment.unit.\&quot;test.war\&quot;.WeldStartService&quot; =&gt; &quot;Failed to start service
    Caused by: org.jboss.weld.resources.spi.ResourceLoadingException: Exception while loading class com.kwetter.service.UserService
    Caused by: java.lang.TypeNotPresentException: Type com.kwetter.domain.Role not present
    Caused by: java.lang.ClassNotFoundException: com.kwetter.domain.Role from [Module \&quot;deployment.test.war\&quot; from Service Module Loader]&quot;}}
21:23:15,075 ERROR [org.jboss.as.server] (management-handler-thread - 1) WFLYSRV0021: Deploy of deployment &quot;test.war&quot; was rolled back with the following failure message: 
{&quot;WFLYCTL0080: Failed services&quot; =&gt; {&quot;jboss.deployment.unit.\&quot;test.war\&quot;.WeldStartService&quot; =&gt; &quot;Failed to start service
    Caused by: org.jboss.weld.resources.spi.ResourceLoadingException: Exception while loading class com.kwetter.service.UserService
    Caused by: java.lang.TypeNotPresentException: Type com.kwetter.domain.Role not present
    Caused by: java.lang.ClassNotFoundException: com.kwetter.domain.Role from [Module \&quot;deployment.test.war\&quot; from Service Module Loader]&quot;}}
21:23:15,168 INFO  [org.jboss.as.server.deployment] (MSC service thread 1-8) WFLYSRV0028: Stopped deployment test.war (runtime-name: test.war) in 88ms
</system-out>
    <system-err>May 13, 2019 9:23:15 PM org.jboss.as.arquillian.container.ArchiveDeployer undeploy
WARN: Failed to undeploy test.war: {&quot;WFLYCTL0062: Composite operation failed and was rolled back. Steps that failed:&quot; =&gt; {&quot;Operation step-1&quot; =&gt; &quot;WFLYCTL0216: Management resource &apos;[(\&quot;deployment\&quot; =&gt; \&quot;test.war\&quot;)]&apos; not found&quot;}}
</system-err>
  </testcase>
</testsuite>